2014/10/08 15:42:48 [error] [exception.CException] exception 'CException' with message 'Alias "bootstrap.widgets.TbHeroUnit" is invalid. Make sure it points to an existing PHP file and the file is readable.' in C:\xampp\htdocs\inventori\framework\YiiBase.php:322
Stack trace:
#0 C:\xampp\htdocs\inventori\framework\web\CWidgetFactory.php(146): YiiBase::import('bootstrap.widge...', true)
#1 C:\xampp\htdocs\inventori\framework\web\CBaseController.php(146): CWidgetFactory->createWidget(Object(SiteController), 'bootstrap.widge...', Array)
#2 C:\xampp\htdocs\inventori\framework\web\CBaseController.php(189): CBaseController->createWidget('bootstrap.widge...', Array)
#3 C:\xampp\htdocs\inventori\themes\bootstrap\views\site\index.php(9): CBaseController->beginWidget('bootstrap.widge...', Array)
#4 C:\xampp\htdocs\inventori\framework\web\CBaseController.php(126): require('C:\xampp\htdocs...')
#5 C:\xampp\htdocs\inventori\framework\web\CBaseController.php(95): CBaseController->renderInternal('C:\xampp\htdocs...', NULL, true)
#6 C:\xampp\htdocs\inventori\framework\web\CController.php(869): CBaseController->renderFile('C:\xampp\htdocs...', NULL, true)
#7 C:\xampp\htdocs\inventori\framework\web\CController.php(782): CController->renderPartial('index', NULL, true)
#8 C:\xampp\htdocs\inventori\protected\controllers\SiteController.php(32): CController->render('index')
#9 C:\xampp\htdocs\inventori\framework\web\actions\CInlineAction.php(49): SiteController->actionIndex()
#10 C:\xampp\htdocs\inventori\framework\web\CController.php(308): CInlineAction->runWithParams(Array)
#11 C:\xampp\htdocs\inventori\framework\web\CController.php(286): CController->runAction(Object(CInlineAction))
#12 C:\xampp\htdocs\inventori\framework\web\CController.php(265): CController->runActionWithFilters(Object(CInlineAction), Array)
#13 C:\xampp\htdocs\inventori\framework\web\CWebApplication.php(282): CController->run('')
#14 C:\xampp\htdocs\inventori\framework\web\CWebApplication.php(141): CWebApplication->runController('')
#15 C:\xampp\htdocs\inventori\framework\base\CApplication.php(180): CWebApplication->processRequest()
#16 C:\xampp\htdocs\inventori\index.php(13): CApplication->run()
#17 {main}
REQUEST_URI=/inventori/
---
2014/10/08 15:43:48 [error] [exception.CException] exception 'CException' with message 'Alias "bootstrap.widgets.TbHeroUnit" is invalid. Make sure it points to an existing PHP file and the file is readable.' in C:\xampp\htdocs\inventori\framework\YiiBase.php:322
Stack trace:
#0 C:\xampp\htdocs\inventori\framework\web\CWidgetFactory.php(146): YiiBase::import('bootstrap.widge...', true)
#1 C:\xampp\htdocs\inventori\framework\web\CBaseController.php(146): CWidgetFactory->createWidget(Object(SiteController), 'bootstrap.widge...', Array)
#2 C:\xampp\htdocs\inventori\framework\web\CBaseController.php(189): CBaseController->createWidget('bootstrap.widge...', Array)
#3 C:\xampp\htdocs\inventori\themes\bootstrap\views\site\index.php(9): CBaseController->beginWidget('bootstrap.widge...', Array)
#4 C:\xampp\htdocs\inventori\framework\web\CBaseController.php(126): require('C:\xampp\htdocs...')
#5 C:\xampp\htdocs\inventori\framework\web\CBaseController.php(95): CBaseController->renderInternal('C:\xampp\htdocs...', NULL, true)
#6 C:\xampp\htdocs\inventori\framework\web\CController.php(869): CBaseController->renderFile('C:\xampp\htdocs...', NULL, true)
#7 C:\xampp\htdocs\inventori\framework\web\CController.php(782): CController->renderPartial('index', NULL, true)
#8 C:\xampp\htdocs\inventori\protected\controllers\SiteController.php(32): CController->render('index')
#9 C:\xampp\htdocs\inventori\framework\web\actions\CInlineAction.php(49): SiteController->actionIndex()
#10 C:\xampp\htdocs\inventori\framework\web\CController.php(308): CInlineAction->runWithParams(Array)
#11 C:\xampp\htdocs\inventori\framework\web\CController.php(286): CController->runAction(Object(CInlineAction))
#12 C:\xampp\htdocs\inventori\framework\web\CController.php(265): CController->runActionWithFilters(Object(CInlineAction), Array)
#13 C:\xampp\htdocs\inventori\framework\web\CWebApplication.php(282): CController->run('')
#14 C:\xampp\htdocs\inventori\framework\web\CWebApplication.php(141): CWebApplication->runController('')
#15 C:\xampp\htdocs\inventori\framework\base\CApplication.php(180): CWebApplication->processRequest()
#16 C:\xampp\htdocs\inventori\index.php(13): CApplication->run()
#17 {main}
REQUEST_URI=/inventori/
---
2014/10/08 15:43:51 [error] [exception.CException] exception 'CException' with message 'Alias "bootstrap.widgets.TbHeroUnit" is invalid. Make sure it points to an existing PHP file and the file is readable.' in C:\xampp\htdocs\inventori\framework\YiiBase.php:322
Stack trace:
#0 C:\xampp\htdocs\inventori\framework\web\CWidgetFactory.php(146): YiiBase::import('bootstrap.widge...', true)
#1 C:\xampp\htdocs\inventori\framework\web\CBaseController.php(146): CWidgetFactory->createWidget(Object(SiteController), 'bootstrap.widge...', Array)
#2 C:\xampp\htdocs\inventori\framework\web\CBaseController.php(189): CBaseController->createWidget('bootstrap.widge...', Array)
#3 C:\xampp\htdocs\inventori\themes\bootstrap\views\site\index.php(9): CBaseController->beginWidget('bootstrap.widge...', Array)
#4 C:\xampp\htdocs\inventori\framework\web\CBaseController.php(126): require('C:\xampp\htdocs...')
#5 C:\xampp\htdocs\inventori\framework\web\CBaseController.php(95): CBaseController->renderInternal('C:\xampp\htdocs...', NULL, true)
#6 C:\xampp\htdocs\inventori\framework\web\CController.php(869): CBaseController->renderFile('C:\xampp\htdocs...', NULL, true)
#7 C:\xampp\htdocs\inventori\framework\web\CController.php(782): CController->renderPartial('index', NULL, true)
#8 C:\xampp\htdocs\inventori\protected\controllers\SiteController.php(32): CController->render('index')
#9 C:\xampp\htdocs\inventori\framework\web\actions\CInlineAction.php(49): SiteController->actionIndex()
#10 C:\xampp\htdocs\inventori\framework\web\CController.php(308): CInlineAction->runWithParams(Array)
#11 C:\xampp\htdocs\inventori\framework\web\CController.php(286): CController->runAction(Object(CInlineAction))
#12 C:\xampp\htdocs\inventori\framework\web\CController.php(265): CController->runActionWithFilters(Object(CInlineAction), Array)
#13 C:\xampp\htdocs\inventori\framework\web\CWebApplication.php(282): CController->run('')
#14 C:\xampp\htdocs\inventori\framework\web\CWebApplication.php(141): CWebApplication->runController('')
#15 C:\xampp\htdocs\inventori\framework\base\CApplication.php(180): CWebApplication->processRequest()
#16 C:\xampp\htdocs\inventori\index.php(13): CApplication->run()
#17 {main}
REQUEST_URI=/inventori/
---
